<?xml version="1.0" encoding="UTF-8"?>
<!-- Generated by org.testng.reporters.JUnitReportReporter -->
<testsuite hostname="DE-NBK-1481" name="helloWorldPackage.HelloWorld_Test" tests="1" failures="0" timestamp="20 Feb 2017 13:18:28 GMT" time="0.029" errors="0">
  <testcase name="testOne" time="0.029" classname="helloWorldPackage.HelloWorld_Test"/>
</testsuite> <!-- helloWorldPackage.HelloWorld_Test -->
